<?xml version="1.0" encoding="UTF-8"?>
<!-- Generated by org.testng.reporters.JUnitXMLReporter -->
<testsuite ignored="0" hostname="DESKTOP-1S6H73A" failures="0" tests="4" name="Default test" time="101.276" errors="0" timestamp="2023-12-30T12:22:56 IST">
  <testcase classname="TestCases.AddToCartTest" name="Tc_AddAddress_001_Test" time="12.256"/>
  <testcase classname="TestCases.AddToCartTest" name="Tc_AddAddress_001_Test" time="11.335"/>
  <testcase classname="TestCases.AddToCartTest" name="Tc_EndToEndCashOnDelivery_Test" time="11.554"/>
  <testcase classname="TestCases.AddToCartTest" name="EndToEnd_NetBanikng" time="10.302"/>
</testsuite> <!-- Default test -->
