<?xml version="1.0" encoding="UTF-8"?>
<testng-results ignored="0" total="4" passed="4" failed="0" skipped="0">
  <reporter-output>
  </reporter-output>
  <suite started-at="2023-12-30T12:21:15 IST" name="Default suite" finished-at="2023-12-30T12:22:56 IST" duration-ms="101276">
    <groups>
    </groups>
    <test started-at="2023-12-30T12:21:15 IST" name="Default test" finished-at="2023-12-30T12:22:56 IST" duration-ms="101276">
      <class name="TestCases.AddToCartTest">
        <test-method is-config="true" signature="lanchingBrowser()[pri:0, instance:TestCases.AddToCartTest@543588e6]" started-at="2023-12-30T12:21:15 IST" name="lanchingBrowser" finished-at="2023-12-30T12:21:21 IST" duration-ms="5902" status="PASS">
          <reporter-output>
          </reporter-output>
        </test-method> <!-- lanchingBrowser -->
        <test-method is-config="true" signature="loginToApplication()[pri:0, instance:TestCases.AddToCartTest@543588e6]" started-at="2023-12-30T12:21:23 IST" name="loginToApplication" finished-at="2023-12-30T12:21:27 IST" duration-ms="3714" status="PASS">
          <reporter-output>
          </reporter-output>
        </test-method> <!-- loginToApplication -->
        <test-method signature="Tc_AddAddress_001_Test(java.lang.String,java.lang.String,java.lang.String,java.lang.String,java.lang.String,java.lang.String,java.lang.String,java.lang.String,java.lang.String)[pri:0, instance:TestCases.AddToCartTest@543588e6]" started-at="2023-12-30T12:21:27 IST" name="Tc_AddAddress_001_Test" data-provider="dataProviderAddress" finished-at="2023-12-30T12:21:39 IST" duration-ms="12256" status="PASS">
          <params>
            <param index="0">
              <value>
                <![CDATA[LOveBirds]]>
              </value>
            </param>
            <param index="1">
              <value>
                <![CDATA[ambani building, 2nd floor]]>
              </value>
            </param>
            <param index="2">
              <value>
                <![CDATA[ambani street]]>
              </value>
            </param>
            <param index="3">
              <value>
                <![CDATA[ambani point]]>
              </value>
            </param>
            <param index="4">
              <value>
                <![CDATA[India]]>
              </value>
            </param>
            <param index="5">
              <value>
                <![CDATA[Karnataka]]>
              </value>
            </param>
            <param index="6">
              <value>
                <![CDATA[Bengaluru]]>
              </value>
            </param>
            <param index="7">
              <value>
                <![CDATA[560010]]>
              </value>
            </param>
            <param index="8">
              <value>
                <![CDATA[9876543210]]>
              </value>
            </param>
          </params>
          <reporter-output>
          </reporter-output>
        </test-method> <!-- Tc_AddAddress_001_Test -->
        <test-method is-config="true" signature="logoutFromApplication()[pri:0, instance:TestCases.AddToCartTest@543588e6]" started-at="2023-12-30T12:21:39 IST" name="logoutFromApplication" finished-at="2023-12-30T12:21:49 IST" duration-ms="9613" status="PASS">
          <reporter-output>
          </reporter-output>
        </test-method> <!-- logoutFromApplication -->
        <test-method is-config="true" signature="loginToApplication()[pri:0, instance:TestCases.AddToCartTest@543588e6]" started-at="2023-12-30T12:21:49 IST" name="loginToApplication" finished-at="2023-12-30T12:21:50 IST" duration-ms="1647" status="PASS">
          <reporter-output>
          </reporter-output>
        </test-method> <!-- loginToApplication -->
        <test-method signature="Tc_AddAddress_001_Test(java.lang.String,java.lang.String,java.lang.String,java.lang.String,java.lang.String,java.lang.String,java.lang.String,java.lang.String,java.lang.String)[pri:0, instance:TestCases.AddToCartTest@543588e6]" started-at="2023-12-30T12:21:50 IST" name="Tc_AddAddress_001_Test" data-provider="dataProviderAddress" finished-at="2023-12-30T12:22:02 IST" duration-ms="11335" status="PASS">
          <params>
            <param index="0">
              <value>
                <![CDATA[couple gouse]]>
              </value>
            </param>
            <param index="1">
              <value>
                <![CDATA[3rd flore ,adani building]]>
              </value>
            </param>
            <param index="2">
              <value>
                <![CDATA[adani street]]>
              </value>
            </param>
            <param index="3">
              <value>
                <![CDATA[adani point]]>
              </value>
            </param>
            <param index="4">
              <value>
                <![CDATA[India]]>
              </value>
            </param>
            <param index="5">
              <value>
                <![CDATA[Karnataka]]>
              </value>
            </param>
            <param index="6">
              <value>
                <![CDATA[Bengaluru]]>
              </value>
            </param>
            <param index="7">
              <value>
                <![CDATA[560010]]>
              </value>
            </param>
            <param index="8">
              <value>
                <![CDATA[9087654321]]>
              </value>
            </param>
          </params>
          <reporter-output>
          </reporter-output>
        </test-method> <!-- Tc_AddAddress_001_Test -->
        <test-method is-config="true" signature="logoutFromApplication()[pri:0, instance:TestCases.AddToCartTest@543588e6]" started-at="2023-12-30T12:22:02 IST" name="logoutFromApplication" finished-at="2023-12-30T12:22:11 IST" duration-ms="9350" status="PASS">
          <reporter-output>
          </reporter-output>
        </test-method> <!-- logoutFromApplication -->
        <test-method is-config="true" signature="loginToApplication()[pri:0, instance:TestCases.AddToCartTest@543588e6]" started-at="2023-12-30T12:22:11 IST" name="loginToApplication" finished-at="2023-12-30T12:22:13 IST" duration-ms="2046" status="PASS">
          <reporter-output>
          </reporter-output>
        </test-method> <!-- loginToApplication -->
        <test-method signature="Tc_EndToEndCashOnDelivery_Test()[pri:1, instance:TestCases.AddToCartTest@543588e6]" started-at="2023-12-30T12:22:13 IST" name="Tc_EndToEndCashOnDelivery_Test" finished-at="2023-12-30T12:22:25 IST" depends-on-methods="TestCases.AddToCartTest.Tc_AddAddress_001_Test" duration-ms="11554" status="PASS">
          <reporter-output>
          </reporter-output>
        </test-method> <!-- Tc_EndToEndCashOnDelivery_Test -->
        <test-method is-config="true" signature="logoutFromApplication()[pri:0, instance:TestCases.AddToCartTest@543588e6]" started-at="2023-12-30T12:22:25 IST" name="logoutFromApplication" finished-at="2023-12-30T12:22:34 IST" duration-ms="9406" status="PASS">
          <reporter-output>
          </reporter-output>
        </test-method> <!-- logoutFromApplication -->
        <test-method is-config="true" signature="loginToApplication()[pri:0, instance:TestCases.AddToCartTest@543588e6]" started-at="2023-12-30T12:22:34 IST" name="loginToApplication" finished-at="2023-12-30T12:22:36 IST" duration-ms="1730" status="PASS">
          <reporter-output>
          </reporter-output>
        </test-method> <!-- loginToApplication -->
        <test-method signature="EndToEnd_NetBanikng()[pri:2, instance:TestCases.AddToCartTest@543588e6]" started-at="2023-12-30T12:22:36 IST" name="EndToEnd_NetBanikng" finished-at="2023-12-30T12:22:46 IST" depends-on-methods="TestCases.AddToCartTest.Tc_AddAddress_001_Test" duration-ms="10302" status="PASS">
          <reporter-output>
          </reporter-output>
        </test-method> <!-- EndToEnd_NetBanikng -->
        <test-method is-config="true" signature="logoutFromApplication()[pri:0, instance:TestCases.AddToCartTest@543588e6]" started-at="2023-12-30T12:22:46 IST" name="logoutFromApplication" finished-at="2023-12-30T12:22:55 IST" duration-ms="9330" status="PASS">
          <reporter-output>
          </reporter-output>
        </test-method> <!-- logoutFromApplication -->
        <test-method is-config="true" signature="quitBrowser()[pri:0, instance:TestCases.AddToCartTest@543588e6]" started-at="2023-12-30T12:22:55 IST" name="quitBrowser" finished-at="2023-12-30T12:22:56 IST" duration-ms="713" status="PASS">
          <reporter-output>
          </reporter-output>
        </test-method> <!-- quitBrowser -->
      </class> <!-- TestCases.AddToCartTest -->
    </test> <!-- Default test -->
  </suite> <!-- Default suite -->
</testng-results>
